#
# There is insufficient memory for the Java Runtime Environment to continue.
# Native memory allocation (mmap) failed to map 268435456 bytes for Failed to commit area from 0x0000000701400000 to 0x0000000711400000 of length 268435456.
# Possible reasons:
#   The system is out of physical RAM or swap space
#   The process is running with CompressedOops enabled, and the Java Heap may be blocking the growth of the native heap
# Possible solutions:
#   Reduce memory load on the system
#   Increase physical memory or swap space
#   Check if swap backing store is full
#   Decrease Java heap size (-Xmx/-Xms)
#   Decrease number of Java threads
#   Decrease Java thread stack sizes (-Xss)
#   Set larger code cache with -XX:ReservedCodeCacheSize=
# This output file may be truncated or incomplete.
#
#  Out of Memory Error (t:/workspace/open/src/hotspot/os/windows/os_windows.cpp:3254), pid=2220, tid=15332
#
# JRE version:  (12.0.1+12) (build )
# Java VM: Java HotSpot(TM) 64-Bit Server VM (12.0.1+12, mixed mode, aot, sharing, tiered, compressed oops, g1 gc, windows-amd64)
# No core dump will be written. Minidumps are not enabled by default on client versions of Windows
#

---------------  S U M M A R Y ------------

Command Line: 

Host: Intel(R) Core(TM) i7-8550U CPU @ 1.80GHz, 8 cores, 15G,  Windows 10 , 64 bit Build 19041 (10.0.19041.928)
Time: Thu Apr 22 21:39:35 2021 Arabic Standard Time elapsed time: 0 seconds (0d 0h 0m 0s)

---------------  T H R E A D  ---------------

Current thread (0x00000170c1d34000):  JavaThread "Unknown thread" [_thread_in_vm, id=15332, stack(0x0000003c33400000,0x0000003c33500000)]

Stack: [0x0000003c33400000,0x0000003c33500000]
Native frames: (J=compiled Java code, j=interpreted, Vv=VM code, C=native code)
V  [jvm.dll+0x63948a]
V  [jvm.dll+0x78b31f]
V  [jvm.dll+0x78c9c1]
V  [jvm.dll+0x78d013]
V  [jvm.dll+0x262138]
V  [jvm.dll+0x63698a]
V  [jvm.dll+0x62b505]
V  [jvm.dll+0x31d9bc]
V  [jvm.dll+0x31d7ef]
V  [jvm.dll+0x323526]
V  [jvm.dll+0x370f76]
V  [jvm.dll+0x370750]
V  [jvm.dll+0x2f786a]
V  [jvm.dll+0x2f8af2]
V  [jvm.dll+0x7657b7]
V  [jvm.dll+0x766e95]
V  [jvm.dll+0x37f089]
V  [jvm.dll+0x749b14]
V  [jvm.dll+0x3ee48d]
V  [jvm.dll+0x3f03c1]
C  [jli.dll+0x51cf]
C  [ucrtbase.dll+0x21bb2]
C  [KERNEL32.DLL+0x17034]
C  [ntdll.dll+0x52651]


---------------  P R O C E S S  ---------------

Threads class SMR info:
_java_thread_list=0x00007ffcce6b48e8, length=0, elements={
}

Java Threads: ( => current thread )

Other Threads:
  0x00000170c1d9e800 GCTaskThread "GC Thread#0" [stack: 0x0000003c33500000,0x0000003c33600000] [id=14656]
  0x00000170c1db8800 ConcurrentGCThread "G1 Main Marker" [stack: 0x0000003c33600000,0x0000003c33700000] [id=908]
  0x00000170c1dba000 ConcurrentGCThread "G1 Conc#0" [stack: 0x0000003c33700000,0x0000003c33800000] [id=9428]

[error occurred during error reporting (printing all threads), id 0xc0000005, EXCEPTION_ACCESS_VIOLATION (0xc0000005) at pc=0x00007ffccdee7a37]

VM state:not at safepoint (not fully initialized)

VM Mutex/Monitor currently owned by a thread:  ([mutex/lock_event])
[0x00000170c1d32820] Heap_lock - owner thread: 0x00000170c1d34000

Heap address: 0x0000000701400000, size: 4076 MB, Compressed Oops mode: Non-zero based: 0x0000000701400000
Narrow klass base: 0x0000000000000000, Narrow klass shift: 0

GC Heap History (0 events):
No events

Deoptimization events (0 events):
No events

Classes redefined (0 events):
No events

Internal exceptions (0 events):
No events

Events (0 events):
No events


Dynamic libraries:
0x00007ff600f70000 - 0x00007ff600f7f000 	C:\Program Files\Java\jdk-12.0.1\bin\java.exe
0x00007ffd0afb0000 - 0x00007ffd0b1a5000 	C:\WINDOWS\SYSTEM32\ntdll.dll
0x00007ffd0aeb0000 - 0x00007ffd0af6d000 	C:\WINDOWS\System32\KERNEL32.DLL
0x00007ffd08d40000 - 0x00007ffd09008000 	C:\WINDOWS\System32\KERNELBASE.dll
0x00007ffd08c10000 - 0x00007ffd08d10000 	C:\WINDOWS\System32\ucrtbase.dll
0x00007ffd03340000 - 0x00007ffd03356000 	C:\Program Files\Java\jdk-12.0.1\bin\VCRUNTIME140.dll
0x00007ffcd7f10000 - 0x00007ffcd7f28000 	C:\Program Files\Java\jdk-12.0.1\bin\jli.dll
0x00007ffd0ae00000 - 0x00007ffd0aeac000 	C:\WINDOWS\System32\ADVAPI32.dll
0x00007ffd097d0000 - 0x00007ffd0986e000 	C:\WINDOWS\System32\msvcrt.dll
0x00007ffd0ad00000 - 0x00007ffd0ad9b000 	C:\WINDOWS\System32\sechost.dll
0x00007ffd0abc0000 - 0x00007ffd0aceb000 	C:\WINDOWS\System32\RPCRT4.dll
0x00007ffd095d0000 - 0x00007ffd09770000 	C:\WINDOWS\System32\USER32.dll
0x00007ffd08d10000 - 0x00007ffd08d32000 	C:\WINDOWS\System32\win32u.dll
0x00007ffcfe1d0000 - 0x00007ffcfe46a000 	C:\WINDOWS\WinSxS\amd64_microsoft.windows.common-controls_6595b64144ccf1df_6.0.19041.844_none_ca00b6081b84eb1d\COMCTL32.dll
0x00007ffd09a10000 - 0x00007ffd09a3a000 	C:\WINDOWS\System32\GDI32.dll
0x00007ffd087f0000 - 0x00007ffd088fb000 	C:\WINDOWS\System32\gdi32full.dll
0x00007ffd08750000 - 0x00007ffd087ed000 	C:\WINDOWS\System32\msvcp_win.dll
0x00007ffd00700000 - 0x00007ffd0070a000 	C:\WINDOWS\SYSTEM32\VERSION.dll
0x00007ffd095a0000 - 0x00007ffd095d0000 	C:\WINDOWS\System32\IMM32.DLL
0x00007ffcd3970000 - 0x00007ffcd3a1a000 	C:\Program Files\Java\jdk-12.0.1\bin\msvcp140.dll
0x00007ffccdbe0000 - 0x00007ffcce754000 	C:\Program Files\Java\jdk-12.0.1\bin\server\jvm.dll
0x00007ffd0a6a0000 - 0x00007ffd0a6a8000 	C:\WINDOWS\System32\PSAPI.DLL
0x00007ffcf35e0000 - 0x00007ffcf3607000 	C:\WINDOWS\SYSTEM32\WINMM.dll
0x00007ffd00c50000 - 0x00007ffd00c59000 	C:\WINDOWS\SYSTEM32\WSOCK32.dll
0x00007ffd09870000 - 0x00007ffd098db000 	C:\WINDOWS\System32\WS2_32.dll
0x00007ffd072d0000 - 0x00007ffd072e2000 	C:\WINDOWS\SYSTEM32\kernel.appcore.dll
0x00007ffcd7ef0000 - 0x00007ffcd7f01000 	C:\Program Files\Java\jdk-12.0.1\bin\verify.dll
0x00007ffd06df0000 - 0x00007ffd06fd4000 	C:\WINDOWS\SYSTEM32\DBGHELP.DLL
0x00007ffcf1ff0000 - 0x00007ffcf201c000 	C:\WINDOWS\SYSTEM32\dbgcore.DLL
0x00007ffd08a90000 - 0x00007ffd08b10000 	C:\WINDOWS\System32\bcryptPrimitives.dll
0x00007ffcd7ec0000 - 0x00007ffcd7ee6000 	C:\Program Files\Java\jdk-12.0.1\bin\java.dll
0x00007ffcd7ea0000 - 0x00007ffcd7eb7000 	C:\Program Files\Java\jdk-12.0.1\bin\zip.dll
0x00007ffcec1d0000 - 0x00007ffcec1da000 	C:\Program Files\Java\jdk-12.0.1\bin\jimage.dll

dbghelp: loaded successfully - version: 4.0.5 - missing functions: none
symbol engine: initialized successfully - sym options: 0x614 - pdb path: .;C:\Program Files\Java\jdk-12.0.1\bin;C:\WINDOWS\SYSTEM32;C:\WINDOWS\WinSxS\amd64_microsoft.windows.common-controls_6595b64144ccf1df_6.0.19041.844_none_ca00b6081b84eb1d;C:\Program Files\Java\jdk-12.0.1\bin\server

VM Arguments:
java_command: <unknown>
java_class_path (initial): <not set>
Launcher Type: SUN_STANDARD

[Global flags]
     intx CICompilerCount                          = 4                                         {product} {ergonomic}
     uint ConcGCThreads                            = 2                                         {product} {ergonomic}
     uint G1ConcRefinementThreads                  = 8                                         {product} {ergonomic}
   size_t G1HeapRegionSize                         = 1048576                                   {product} {ergonomic}
    uintx GCDrainStackTargetSize                   = 64                                        {product} {ergonomic}
   size_t InitialHeapSize                          = 268435456                                 {product} {ergonomic}
   size_t MarkStackSize                            = 4194304                                   {product} {ergonomic}
   size_t MaxHeapSize                              = 4273995776                                {product} {ergonomic}
   size_t MinHeapDeltaBytes                        = 1048576                                   {product} {ergonomic}
    uintx NonNMethodCodeHeapSize                   = 5836300                                {pd product} {ergonomic}
    uintx NonProfiledCodeHeapSize                  = 122910970                              {pd product} {ergonomic}
    uintx ProfiledCodeHeapSize                     = 122910970                              {pd product} {ergonomic}
    uintx ReservedCodeCacheSize                    = 251658240                              {pd product} {ergonomic}
     bool SegmentedCodeCache                       = true                                      {product} {ergonomic}
     bool UseCompressedClassPointers               = true                                 {lp64_product} {ergonomic}
     bool UseCompressedOops                        = true                                 {lp64_product} {ergonomic}
     bool UseG1GC                                  = true                                      {product} {ergonomic}
     bool UseLargePagesIndividualAllocation        = false                                  {pd product} {ergonomic}

Logging:
Log output configuration:
 #0: stdout all=warning uptime,level,tags
 #1: stderr all=off uptime,level,tags

Environment Variables:
PATH=C:\MinGW\bin;C:\MinGW\libexec\gcc\x86_64-w64-mingw32\9.2.0;C:\Program Files (x86)\Intel\Intel(R) Management Engine Components\iCLS\;C:\Program Files\Intel\Intel(R) Management Engine Components\iCLS\;C:\Windows\system32;C:\Windows;C:\Windows\System32\Wbem;C:\Windows\System32\WindowsPowerShell\v1.0\;C:\Program Files (x86)\Intel\Intel(R) Management Engine Components\DAL;C:\Program Files\Intel\Intel(R) Management Engine Components\DAL;C:\Program Files (x86)\Intel\Intel(R) Management Engine Components\IPT;C:\Program Files\Intel\Intel(R) Management Engine Components\IPT;C:\Program Files (x86)\NVIDIA Corporation\PhysX\Common;C:\Program Files\Java\jdk-12.0.1\bin;C:\Users\HP\AppData\Local\Programs\Python\Python37-32;C:\Program Files\Git\cmd;C:\Program Files\Git\mingw64\bin;C:\Program Files\Git\usr\bin;C:\Users\HP\AppData\Local\Programs\Python\Python37-32\Scripts;C:\Python27;C:\SRC\flutter\bin;C:\Program Files\dart-sdk;C:\Program Files\Dart\dart-sdk\bin;C:\WINDOWS\system32\config\systemprofile\.dnx\bin;C:\Program Files\Microsoft DNX\Dnvm\;C:\Program Files\Microsoft SQL Server\130\Tools\Binn\;C:\Program Files (x86)\Windows Kits\8.1\Windows Performance Toolkit\;C:\WINDOWS\system32;C:\WINDOWS;C:\WINDOWS\System32\Wbem;C:\WINDOWS\System32\WindowsPowerShell\v1.0\;C:\WINDOWS\System32\OpenSSH\;C:\Program Files (x86)\Microsoft SQL Server\90\Tools\binn\;C:\Program Files (x86)\Brackets\command;C:\Program Files\nodejs\;C:\Users\HP\AppData\Local\atom\bin;C:\Program Files\JetBrains\IntelliJ IDEA Community Edition 2020.2.3\bin;;C:\Users\HP\AppData\Local\Programs\Microsoft VS Code\bin;C:\Users\HP\AppData\Local\Microsoft\WindowsApps;C:\Users\HP\AppData\Roaming\npm;;C:\SRC\flutter\bin\mingit\cmd
USERNAME=HP
OS=Windows_NT
PROCESSOR_IDENTIFIER=Intel64 Family 6 Model 142 Stepping 10, GenuineIntel



---------------  S Y S T E M  ---------------

OS: Windows 10 , 64 bit Build 19041 (10.0.19041.928)

CPU:total 8 (initial active 8) (4 cores per cpu, 2 threads per core) family 6 model 142 stepping 10, cmov, cx8, fxsr, mmx, sse, sse2, sse3, ssse3, sse4.1, sse4.2, popcnt, avx, avx2, aes, clmul, erms, 3dnowpref, lzcnt, ht, tsc, tscinvbit, bmi1, bmi2, adx, fma

Memory: 4k page, system-wide physical 16299M (2076M free)
TotalPageFile size 16299M (AvailPageFile size 113M)
current process WorkingSet (physical memory assigned to process): 10M, peak: 10M
current process commit charge ("private bytes"): 60M, peak: 316M

vm_info: Java HotSpot(TM) 64-Bit Server VM (12.0.1+12) for windows-amd64 JRE (12.0.1+12), built on Apr  2 2019 14:02:19 by "mach5one" with MS VC++ 15.5 (VS2017)

END.
